TN:
SF:TEST_1\Ham_2\staff-handle-input-change.ts
FN:41,(anonymous_3)
FN:49,(anonymous_4)
FN:54,(anonymous_5)
FN:59,(anonymous_6)
FN:65,(anonymous_7)
FN:71,(anonymous_8)
FN:72,(anonymous_9)
FN:75,(anonymous_10)
FN:81,(anonymous_11)
FN:87,(anonymous_12)
FN:96,(anonymous_13)
FN:103,(anonymous_14)
FNF:12
FNH:12
FNDA:10,(anonymous_3)
FNDA:2,(anonymous_4)
FNDA:1,(anonymous_5)
FNDA:2,(anonymous_6)
FNDA:1,(anonymous_7)
FNDA:3,(anonymous_8)
FNDA:1,(anonymous_9)
FNDA:1,(anonymous_10)
FNDA:1,(anonymous_11)
FNDA:1,(anonymous_12)
FNDA:1,(anonymous_13)
FNDA:10,(anonymous_14)
DA:41,10
DA:45,10
DA:47,10
DA:48,2
DA:49,2
DA:53,8
DA:54,1
DA:58,7
DA:59,2
DA:63,5
DA:64,4
DA:65,1
DA:71,3
DA:72,3
DA:74,3
DA:75,1
DA:80,2
DA:81,1
DA:87,1
DA:95,1
DA:96,1
DA:103,10
LF:22
LH:22
BRDA:47,0,0,2
BRDA:47,0,1,8
BRDA:51,1,0,1
BRDA:51,1,1,1
BRDA:53,2,0,1
BRDA:53,2,1,7
BRDA:53,3,0,8
BRDA:53,3,1,1
BRDA:58,4,0,2
BRDA:58,4,1,5
BRDA:61,5,0,1
BRDA:61,5,1,1
BRDA:63,6,0,4
BRDA:63,6,1,1
BRDA:64,7,0,1
BRDA:64,7,1,3
BRDA:74,8,0,1
BRDA:74,8,1,2
BRDA:74,9,0,3
BRDA:74,9,1,3
BRDA:80,10,0,1
BRDA:80,10,1,1
BRF:22
BRH:22
end_of_record
