<?xml version="1.0" encoding="UTF-8"?>
<coverage generated="1776079610874" clover="3.2.0">
  <project timestamp="1776079610874" name="All files">
    <metrics statements="27" coveredstatements="27" conditionals="10" coveredconditionals="10" methods="2" coveredmethods="2" elements="39" coveredelements="39" complexity="0" loc="27" ncloc="27" packages="1" files="1" classes="1"/>
    <file name="stock-validation.ts" path="E:\APP_KY2_NAM2\QLBH_TKHTTTQL\qlbh-system\TEST_1\Ham_1\stock-validation.ts">
      <metrics statements="27" coveredstatements="27" conditionals="10" coveredconditionals="10" methods="2" coveredmethods="2"/>
      <line num="12" count="10" type="stmt"/>
      <line num="14" count="10" type="stmt"/>
      <line num="17" count="10" type="stmt"/>
      <line num="18" count="11" type="stmt"/>
      <line num="19" count="12" type="stmt"/>
      <line num="20" count="12" type="cond" truecount="2" falsecount="0"/>
      <line num="22" count="12" type="cond" truecount="2" falsecount="0"/>
      <line num="23" count="1" type="stmt"/>
      <line num="25" count="11" type="stmt"/>
      <line num="31" count="10" type="stmt"/>
      <line num="32" count="10" type="stmt"/>
      <line num="34" count="10" type="stmt"/>
      <line num="35" count="11" type="stmt"/>
      <line num="36" count="12" type="stmt"/>
      <line num="37" count="12" type="stmt"/>
      <line num="38" count="12" type="cond" truecount="2" falsecount="0"/>
      <line num="40" count="12" type="cond" truecount="2" falsecount="0"/>
      <line num="41" count="4" type="stmt"/>
      <line num="42" count="4" type="stmt"/>
      <line num="53" count="10" type="cond" truecount="2" falsecount="0"/>
      <line num="54" count="4" type="stmt"/>
      <line num="56" count="4" type="stmt"/>
      <line num="57" count="4" type="stmt"/>
      <line num="60" count="4" type="stmt"/>
      <line num="62" count="4" type="stmt"/>
      <line num="63" count="4" type="stmt"/>
      <line num="66" count="6" type="stmt"/>
    </file>
  </project>
</coverage>
