TN:
SF:TEST_1\Ham_1\stock-validation.ts
FN:12,(anonymous_1)
FN:56,(anonymous_2)
FNF:2
FNH:2
FNDA:10,(anonymous_1)
FNDA:4,(anonymous_2)
DA:12,10
DA:14,10
DA:17,10
DA:18,11
DA:19,12
DA:20,12
DA:22,12
DA:23,1
DA:25,11
DA:31,10
DA:32,10
DA:34,10
DA:35,11
DA:36,12
DA:37,12
DA:38,12
DA:40,12
DA:41,4
DA:42,4
DA:53,10
DA:54,4
DA:56,4
DA:57,4
DA:60,4
DA:62,4
DA:63,4
DA:66,6
LF:27
LH:27
BRDA:20,0,0,12
BRDA:20,0,1,1
BRDA:22,1,0,1
BRDA:22,1,1,11
BRDA:38,2,0,12
BRDA:38,2,1,1
BRDA:40,3,0,4
BRDA:40,3,1,8
BRDA:53,4,0,4
BRDA:53,4,1,6
BRF:10
BRH:10
end_of_record
