{"E:\\APP_KY2_NAM2\\QLBH_TKHTTTQL\\qlbh-system\\TEST_1\\Ham_1\\stock-validation.ts": {"path":"E:\\APP_KY2_NAM2\\QLBH_TKHTTTQL\\qlbh-system\\TEST_1\\Ham_1\\stock-validation.ts","statementMap":{"0":{"start":{"line":12,"column":13},"end":{"line":12,"column":43}},"1":{"start":{"line":12,"column":43},"end":{"line":67,"column":null}},"2":{"start":{"line":14,"column":28},"end":{"line":14,"column":null}},"3":{"start":{"line":17,"column":2},"end":{"line":28,"column":null}},"4":{"start":{"line":18,"column":4},"end":{"line":27,"column":null}},"5":{"start":{"line":19,"column":24},"end":{"line":19,"column":42}},"6":{"start":{"line":20,"column":23},"end":{"line":20,"column":null}},"7":{"start":{"line":22,"column":6},"end":{"line":26,"column":null}},"8":{"start":{"line":23,"column":8},"end":{"line":23,"column":null}},"9":{"start":{"line":25,"column":8},"end":{"line":25,"column":null}},"10":{"start":{"line":31,"column":22},"end":{"line":31,"column":null}},"11":{"start":{"line":32,"column":22},"end":{"line":32,"column":24}},"12":{"start":{"line":34,"column":2},"end":{"line":50,"column":null}},"13":{"start":{"line":35,"column":4},"end":{"line":49,"column":null}},"14":{"start":{"line":36,"column":24},"end":{"line":36,"column":42}},"15":{"start":{"line":37,"column":28},"end":{"line":37,"column":null}},"16":{"start":{"line":38,"column":28},"end":{"line":38,"column":null}},"17":{"start":{"line":40,"column":6},"end":{"line":48,"column":null}},"18":{"start":{"line":41,"column":8},"end":{"line":41,"column":null}},"19":{"start":{"line":42,"column":8},"end":{"line":47,"column":null}},"20":{"start":{"line":53,"column":2},"end":{"line":64,"column":null}},"21":{"start":{"line":54,"column":23},"end":{"line":54,"column":null}},"22":{"start":{"line":56,"column":4},"end":{"line":58,"column":null}},"23":{"start":{"line":57,"column":6},"end":{"line":57,"column":null}},"24":{"start":{"line":60,"column":4},"end":{"line":60,"column":null}},"25":{"start":{"line":62,"column":4},"end":{"line":62,"column":null}},"26":{"start":{"line":63,"column":4},"end":{"line":63,"column":null}},"27":{"start":{"line":66,"column":2},"end":{"line":66,"column":null}}},"fnMap":{"0":{"name":"(anonymous_1)","decl":{"start":{"line":12,"column":43},"end":{"line":12,"column":44}},"loc":{"start":{"line":12,"column":44},"end":{"line":67,"column":null}}},"1":{"name":"(anonymous_2)","decl":{"start":{"line":56,"column":24},"end":{"line":56,"column":25}},"loc":{"start":{"line":56,"column":25},"end":{"line":58,"column":null}}}},"branchMap":{"0":{"loc":{"start":{"line":20,"column":23},"end":{"line":20,"column":null}},"type":"binary-expr","locations":[{"start":{"line":20,"column":23},"end":{"line":20,"column":39}},{"start":{"line":20,"column":43},"end":{"line":20,"column":null}}]},"1":{"loc":{"start":{"line":22,"column":6},"end":{"line":26,"column":null}},"type":"if","locations":[{"start":{"line":22,"column":6},"end":{"line":26,"column":null}},{"start":{"line":24,"column":13},"end":{"line":26,"column":null}}]},"2":{"loc":{"start":{"line":38,"column":28},"end":{"line":38,"column":null}},"type":"binary-expr","locations":[{"start":{"line":38,"column":28},"end":{"line":38,"column":50}},{"start":{"line":38,"column":54},"end":{"line":38,"column":null}}]},"3":{"loc":{"start":{"line":40,"column":6},"end":{"line":48,"column":null}},"type":"if","locations":[{"start":{"line":40,"column":6},"end":{"line":48,"column":null}},{"start":{},"end":{}}]},"4":{"loc":{"start":{"line":53,"column":2},"end":{"line":64,"column":null}},"type":"if","locations":[{"start":{"line":53,"column":2},"end":{"line":64,"column":null}},{"start":{},"end":{}}]}},"s":{"0":8,"1":1,"2":8,"3":8,"4":9,"5":10,"6":10,"7":10,"8":1,"9":9,"10":8,"11":8,"12":8,"13":9,"14":10,"15":10,"16":10,"17":10,"18":3,"19":3,"20":8,"21":3,"22":3,"23":3,"24":3,"25":3,"26":3,"27":5},"f":{"0":8,"1":3},"b":{"0":[10,0],"1":[1,9],"2":[10,0],"3":[3,7],"4":[3,5]}}
}
