{"numFailedTestSuites":0,"numFailedTests":0,"numPassedTestSuites":1,"numPassedTests":10,"numPendingTestSuites":0,"numPendingTests":0,"numRuntimeErrorTestSuites":0,"numTodoTests":0,"numTotalTestSuites":1,"numTotalTests":10,"openHandles":[],"snapshot":{"added":0,"didUpdate":false,"failure":false,"filesAdded":0,"filesRemoved":0,"filesRemovedList":[],"filesUnmatched":0,"filesUpdated":0,"matched":0,"total":0,"unchecked":0,"uncheckedKeysByFile":[],"unmatched":0,"updated":0},"startTime":1778092571504,"success":true,"testResults":[{"assertionResults":[{"ancestorTitles":["handleInputChange - lan 2 - bo ca kiem thu C2"],"duration":7,"failing":false,"failureDetails":[],"failureMessages":[],"fullName":"handleInputChange - lan 2 - bo ca kiem thu C2 B1 - B1 | salary co ky tu chu thi chi lay phan so","invocations":1,"location":null,"numPassingAsserts":2,"retryReasons":[],"startAt":1778092574824,"status":"passed","title":"B1 - B1 | salary co ky tu chu thi chi lay phan so"},{"ancestorTitles":["handleInputChange - lan 2 - bo ca kiem thu C2"],"duration":1,"failing":false,"failureDetails":[],"failureMessages":[],"fullName":"handleInputChange - lan 2 - bo ca kiem thu C2 B2 - B2 | end_date rong thi cap nhat null","invocations":1,"location":null,"numPassingAsserts":2,"retryReasons":[],"startAt":1778092574832,"status":"passed","title":"B2 - B2 | end_date rong thi cap nhat null"},{"ancestorTitles":["handleInputChange - lan 2 - bo ca kiem thu C2"],"duration":7,"failing":false,"failureDetails":[],"failureMessages":[],"fullName":"handleInputChange - lan 2 - bo ca kiem thu C2 B3 - B3 | user_id rong thi cap nhat null","invocations":1,"location":null,"numPassingAsserts":2,"retryReasons":[],"startAt":1778092574833,"status":"passed","title":"B3 - B3 | user_id rong thi cap nhat null"},{"ancestorTitles":["handleInputChange - lan 2 - bo ca kiem thu C2"],"duration":2,"failing":false,"failureDetails":[],"failureMessages":[],"fullName":"handleInputChange - lan 2 - bo ca kiem thu C2 B4 - B4 | reports_to_user_id rong thi xoa nguoi quan ly va chi nhanh","invocations":1,"location":null,"numPassingAsserts":2,"retryReasons":[],"startAt":1778092574840,"status":"passed","title":"B4 - B4 | reports_to_user_id rong thi xoa nguoi quan ly va chi nhanh"},{"ancestorTitles":["handleInputChange - lan 2 - bo ca kiem thu C2"],"duration":1,"failing":false,"failureDetails":[],"failureMessages":[],"fullName":"handleInputChange - lan 2 - bo ca kiem thu C2 B5 - B5 | nguoi quan ly co branch truc tiep","invocations":1,"location":null,"numPassingAsserts":2,"retryReasons":[],"startAt":1778092574843,"status":"passed","title":"B5 - B5 | nguoi quan ly co branch truc tiep"},{"ancestorTitles":["handleInputChange - lan 2 - bo ca kiem thu C2"],"duration":1,"failing":false,"failureDetails":[],"failureMessages":[],"fullName":"handleInputChange - lan 2 - bo ca kiem thu C2 B6 - B6 | nguoi quan ly khong co branch truc tiep nhung co branch phu trach","invocations":1,"location":null,"numPassingAsserts":2,"retryReasons":[],"startAt":1778092574844,"status":"passed","title":"B6 - B6 | nguoi quan ly khong co branch truc tiep nhung co branch phu trach"},{"ancestorTitles":["handleInputChange - lan 2 - bo ca kiem thu C2"],"duration":1,"failing":false,"failureDetails":[],"failureMessages":[],"fullName":"handleInputChange - lan 2 - bo ca kiem thu C2 B7 - B7 | nguoi quan ly khong co branch phu hop","invocations":1,"location":null,"numPassingAsserts":2,"retryReasons":[],"startAt":1778092574846,"status":"passed","title":"B7 - B7 | nguoi quan ly khong co branch phu hop"},{"ancestorTitles":["handleInputChange - lan 2 - bo ca kiem thu C2"],"duration":1,"failing":false,"failureDetails":[],"failureMessages":[],"fullName":"handleInputChange - lan 2 - bo ca kiem thu C2 B8 - B8 | truong thong thuong thi cap nhat theo value","invocations":1,"location":null,"numPassingAsserts":2,"retryReasons":[],"startAt":1778092574848,"status":"passed","title":"B8 - B8 | truong thong thuong thi cap nhat theo value"},{"ancestorTitles":["handleInputChange - lan 2 - bo ca kiem thu C2"],"duration":1,"failing":false,"failureDetails":[],"failureMessages":[],"fullName":"handleInputChange - lan 2 - bo ca kiem thu C2 B9 - B9 | salary rong thi cap nhat salary = 0","invocations":1,"location":null,"numPassingAsserts":2,"retryReasons":[],"startAt":1778092574849,"status":"passed","title":"B9 - B9 | salary rong thi cap nhat salary = 0"},{"ancestorTitles":["handleInputChange - lan 2 - bo ca kiem thu C2"],"duration":2,"failing":false,"failureDetails":[],"failureMessages":[],"fullName":"handleInputChange - lan 2 - bo ca kiem thu C2 B10 - B10 | user_id co gia tri thi cap nhat dung gia tri","invocations":1,"location":null,"numPassingAsserts":2,"retryReasons":[],"startAt":1778092574851,"status":"passed","title":"B10 - B10 | user_id co gia tri thi cap nhat dung gia tri"}],"endTime":1778092574854,"message":"","name":"E:\\APP_KY2_NAM2\\QLBH_TKHTTTQL\\qlbh-system\\TEST_1\\Ham_2\\handleInputChange.C2.test.ts","startTime":1778092574061,"status":"passed","summary":""}],"wasInterrupted":false,"coverageMap":{"E:\\APP_KY2_NAM2\\QLBH_TKHTTTQL\\qlbh-system\\TEST_1\\Ham_2\\staff-handle-input-change.ts":{"path":"E:\\APP_KY2_NAM2\\QLBH_TKHTTTQL\\qlbh-system\\TEST_1\\Ham_2\\staff-handle-input-change.ts","statementMap":{"0":{"start":{"line":103,"column":13},"end":{"line":103,"column":42}},"1":{"start":{"line":41,"column":13},"end":{"line":41,"column":33}},"2":{"start":{"line":41,"column":33},"end":{"line":101,"column":null}},"3":{"start":{"line":45,"column":32},"end":{"line":45,"column":40}},"4":{"start":{"line":47,"column":2},"end":{"line":100,"column":null}},"5":{"start":{"line":48,"column":25},"end":{"line":48,"column":null}},"6":{"start":{"line":49,"column":4},"end":{"line":52,"column":null}},"7":{"start":{"line":49,"column":27},"end":{"line":52,"column":null}},"8":{"start":{"line":53,"column":9},"end":{"line":100,"column":null}},"9":{"start":{"line":54,"column":4},"end":{"line":57,"column":null}},"10":{"start":{"line":54,"column":27},"end":{"line":57,"column":null}},"11":{"start":{"line":58,"column":9},"end":{"line":100,"column":null}},"12":{"start":{"line":59,"column":4},"end":{"line":62,"column":null}},"13":{"start":{"line":59,"column":27},"end":{"line":62,"column":null}},"14":{"start":{"line":63,"column":9},"end":{"line":100,"column":null}},"15":{"start":{"line":64,"column":4},"end":{"line":93,"column":null}},"16":{"start":{"line":65,"column":6},"end":{"line":69,"column":null}},"17":{"start":{"line":65,"column":29},"end":{"line":69,"column":null}},"18":{"start":{"line":71,"column":22},"end":{"line":71,"column":null}},"19":{"start":{"line":71,"column":43},"end":{"line":71,"column":null}},"20":{"start":{"line":72,"column":28},"end":{"line":72,"column":null}},"21":{"start":{"line":72,"column":49},"end":{"line":72,"column":null}},"22":{"start":{"line":74,"column":6},"end":{"line":92,"column":null}},"23":{"start":{"line":75,"column":8},"end":{"line":79,"column":null}},"24":{"start":{"line":75,"column":31},"end":{"line":79,"column":null}},"25":{"start":{"line":80,"column":13},"end":{"line":92,"column":null}},"26":{"start":{"line":81,"column":8},"end":{"line":85,"column":null}},"27":{"start":{"line":81,"column":31},"end":{"line":85,"column":null}},"28":{"start":{"line":87,"column":8},"end":{"line":91,"column":null}},"29":{"start":{"line":87,"column":31},"end":{"line":91,"column":null}},"30":{"start":{"line":95,"column":4},"end":{"line":95,"column":null}},"31":{"start":{"line":96,"column":4},"end":{"line":99,"column":null}},"32":{"start":{"line":96,"column":27},"end":{"line":99,"column":null}},"33":{"start":{"line":103,"column":42},"end":{"line":110,"column":null}},"34":{"start":{"line":103,"column":71},"end":{"line":110,"column":null}}},"fnMap":{"0":{"name":"(anonymous_3)","decl":{"start":{"line":41,"column":33},"end":{"line":41,"column":null}},"loc":{"start":{"line":43,"column":67},"end":{"line":101,"column":null}}},"1":{"name":"(anonymous_4)","decl":{"start":{"line":49,"column":16},"end":{"line":49,"column":17}},"loc":{"start":{"line":49,"column":27},"end":{"line":52,"column":null}}},"2":{"name":"(anonymous_5)","decl":{"start":{"line":54,"column":16},"end":{"line":54,"column":17}},"loc":{"start":{"line":54,"column":27},"end":{"line":57,"column":null}}},"3":{"name":"(anonymous_6)","decl":{"start":{"line":59,"column":16},"end":{"line":59,"column":17}},"loc":{"start":{"line":59,"column":27},"end":{"line":62,"column":null}}},"4":{"name":"(anonymous_7)","decl":{"start":{"line":65,"column":18},"end":{"line":65,"column":19}},"loc":{"start":{"line":65,"column":29},"end":{"line":69,"column":null}}},"5":{"name":"(anonymous_8)","decl":{"start":{"line":71,"column":36},"end":{"line":71,"column":37}},"loc":{"start":{"line":71,"column":43},"end":{"line":71,"column":null}}},"6":{"name":"(anonymous_9)","decl":{"start":{"line":72,"column":42},"end":{"line":72,"column":43}},"loc":{"start":{"line":72,"column":49},"end":{"line":72,"column":null}}},"7":{"name":"(anonymous_10)","decl":{"start":{"line":75,"column":20},"end":{"line":75,"column":21}},"loc":{"start":{"line":75,"column":31},"end":{"line":79,"column":null}}},"8":{"name":"(anonymous_11)","decl":{"start":{"line":81,"column":20},"end":{"line":81,"column":21}},"loc":{"start":{"line":81,"column":31},"end":{"line":85,"column":null}}},"9":{"name":"(anonymous_12)","decl":{"start":{"line":87,"column":20},"end":{"line":87,"column":21}},"loc":{"start":{"line":87,"column":31},"end":{"line":91,"column":null}}},"10":{"name":"(anonymous_13)","decl":{"start":{"line":96,"column":16},"end":{"line":96,"column":17}},"loc":{"start":{"line":96,"column":27},"end":{"line":99,"column":null}}},"11":{"name":"(anonymous_14)","decl":{"start":{"line":103,"column":42},"end":{"line":103,"column":71}},"loc":{"start":{"line":103,"column":71},"end":{"line":110,"column":null}}}},"branchMap":{"0":{"loc":{"start":{"line":47,"column":2},"end":{"line":100,"column":null}},"type":"if","locations":[{"start":{"line":47,"column":2},"end":{"line":100,"column":null}},{"start":{"line":53,"column":9},"end":{"line":100,"column":null}}]},"1":{"loc":{"start":{"line":51,"column":14},"end":{"line":51,"column":null}},"type":"cond-expr","locations":[{"start":{"line":51,"column":29},"end":{"line":51,"column":58}},{"start":{"line":51,"column":58},"end":{"line":51,"column":null}}]},"2":{"loc":{"start":{"line":53,"column":9},"end":{"line":100,"column":null}},"type":"if","locations":[{"start":{"line":53,"column":9},"end":{"line":100,"column":null}},{"start":{"line":58,"column":9},"end":{"line":100,"column":null}}]},"3":{"loc":{"start":{"line":53,"column":13},"end":{"line":53,"column":50}},"type":"binary-expr","locations":[{"start":{"line":53,"column":13},"end":{"line":53,"column":36}},{"start":{"line":53,"column":36},"end":{"line":53,"column":50}}]},"4":{"loc":{"start":{"line":58,"column":9},"end":{"line":100,"column":null}},"type":"if","locations":[{"start":{"line":58,"column":9},"end":{"line":100,"column":null}},{"start":{"line":63,"column":9},"end":{"line":100,"column":null}}]},"5":{"loc":{"start":{"line":61,"column":14},"end":{"line":61,"column":null}},"type":"cond-expr","locations":[{"start":{"line":61,"column":29},"end":{"line":61,"column":36}},{"start":{"line":61,"column":36},"end":{"line":61,"column":null}}]},"6":{"loc":{"start":{"line":63,"column":9},"end":{"line":100,"column":null}},"type":"if","locations":[{"start":{"line":63,"column":9},"end":{"line":100,"column":null}},{"start":{"line":94,"column":9},"end":{"line":100,"column":null}}]},"7":{"loc":{"start":{"line":64,"column":4},"end":{"line":93,"column":null}},"type":"if","locations":[{"start":{"line":64,"column":4},"end":{"line":93,"column":null}},{"start":{"line":70,"column":11},"end":{"line":93,"column":null}}]},"8":{"loc":{"start":{"line":74,"column":6},"end":{"line":92,"column":null}},"type":"if","locations":[{"start":{"line":74,"column":6},"end":{"line":92,"column":null}},{"start":{"line":80,"column":13},"end":{"line":92,"column":null}}]},"9":{"loc":{"start":{"line":74,"column":10},"end":{"line":74,"column":35}},"type":"binary-expr","locations":[{"start":{"line":74,"column":10},"end":{"line":74,"column":21}},{"start":{"line":74,"column":21},"end":{"line":74,"column":35}}]},"10":{"loc":{"start":{"line":80,"column":13},"end":{"line":92,"column":null}},"type":"if","locations":[{"start":{"line":80,"column":13},"end":{"line":92,"column":null}},{"start":{"line":86,"column":13},"end":{"line":92,"column":null}}]}},"s":{"0":10,"1":10,"2":1,"3":10,"4":10,"5":2,"6":2,"7":2,"8":8,"9":1,"10":1,"11":7,"12":2,"13":2,"14":5,"15":4,"16":1,"17":1,"18":3,"19":3,"20":3,"21":1,"22":3,"23":1,"24":1,"25":2,"26":1,"27":1,"28":1,"29":1,"30":1,"31":1,"32":1,"33":1,"34":10},"f":{"0":10,"1":2,"2":1,"3":2,"4":1,"5":3,"6":1,"7":1,"8":1,"9":1,"10":1,"11":10},"b":{"0":[2,8],"1":[1,1],"2":[1,7],"3":[8,1],"4":[2,5],"5":[1,1],"6":[4,1],"7":[1,3],"8":[1,2],"9":[3,3],"10":[1,1]}}}}
