{"E:\\APP_KY2_NAM2\\QLBH_TKHTTTQL\\qlbh-system\\TEST_1\\Ham_3\\delete-invoice.ts": {"path":"E:\\APP_KY2_NAM2\\QLBH_TKHTTTQL\\qlbh-system\\TEST_1\\Ham_3\\delete-invoice.ts","statementMap":{"0":{"start":{"line":17,"column":13},"end":{"line":17,"column":29}},"1":{"start":{"line":17,"column":29},"end":{"line":46,"column":null}},"2":{"start":{"line":28,"column":2},"end":{"line":28,"column":null}},"3":{"start":{"line":30,"column":2},"end":{"line":33,"column":null}},"4":{"start":{"line":31,"column":4},"end":{"line":31,"column":null}},"5":{"start":{"line":32,"column":4},"end":{"line":32,"column":null}},"6":{"start":{"line":35,"column":26},"end":{"line":35,"column":null}},"7":{"start":{"line":36,"column":2},"end":{"line":36,"column":null}},"8":{"start":{"line":37,"column":2},"end":{"line":37,"column":null}},"9":{"start":{"line":39,"column":2},"end":{"line":43,"column":null}},"10":{"start":{"line":40,"column":4},"end":{"line":40,"column":null}},"11":{"start":{"line":41,"column":9},"end":{"line":43,"column":null}},"12":{"start":{"line":42,"column":4},"end":{"line":42,"column":null}},"13":{"start":{"line":45,"column":2},"end":{"line":45,"column":null}}},"fnMap":{"0":{"name":"(anonymous_1)","decl":{"start":{"line":17,"column":29},"end":{"line":17,"column":null}},"loc":{"start":{"line":26,"column":29},"end":{"line":46,"column":null}}}},"branchMap":{"0":{"loc":{"start":{"line":30,"column":2},"end":{"line":33,"column":null}},"type":"if","locations":[{"start":{"line":30,"column":2},"end":{"line":33,"column":null}},{"start":{},"end":{}}]},"1":{"loc":{"start":{"line":39,"column":2},"end":{"line":43,"column":null}},"type":"if","locations":[{"start":{"line":39,"column":2},"end":{"line":43,"column":null}},{"start":{"line":41,"column":9},"end":{"line":43,"column":null}}]},"2":{"loc":{"start":{"line":41,"column":9},"end":{"line":43,"column":null}},"type":"if","locations":[{"start":{"line":41,"column":9},"end":{"line":43,"column":null}},{"start":{},"end":{}}]}},"s":{"0":4,"1":1,"2":4,"3":4,"4":1,"5":1,"6":3,"7":3,"8":3,"9":3,"10":1,"11":2,"12":1,"13":3},"f":{"0":4},"b":{"0":[1,3],"1":[1,2],"2":[1,1]}}
}
