{"numFailedTestSuites":0,"numFailedTests":0,"numPassedTestSuites":1,"numPassedTests":10,"numPendingTestSuites":0,"numPendingTests":0,"numRuntimeErrorTestSuites":0,"numTodoTests":0,"numTotalTestSuites":1,"numTotalTests":10,"openHandles":[],"snapshot":{"added":0,"didUpdate":false,"failure":false,"filesAdded":0,"filesRemoved":0,"filesRemovedList":[],"filesUnmatched":0,"filesUpdated":0,"matched":0,"total":0,"unchecked":0,"uncheckedKeysByFile":[],"unmatched":0,"updated":0},"startTime":1777792620958,"success":true,"testResults":[{"assertionResults":[{"ancestorTitles":["validateStockBeforeCheckout - lan 2 - bo ca kiem thu C2/C3"],"duration":4,"failing":false,"failureDetails":[],"failureMessages":[],"fullName":"validateStockBeforeCheckout - lan 2 - bo ca kiem thu C2/C3 B1 - B1 | Khong co hoa don | Ham tra ve True","invocations":1,"location":null,"numPassingAsserts":2,"retryReasons":[],"startAt":1777792623557,"status":"passed","title":"B1 - B1 | Khong co hoa don | Ham tra ve True"},{"ancestorTitles":["validateStockBeforeCheckout - lan 2 - bo ca kiem thu C2/C3"],"duration":2,"failing":false,"failureDetails":[],"failureMessages":[],"fullName":"validateStockBeforeCheckout - lan 2 - bo ca kiem thu C2/C3 B2 - B2 | Hoa don khong co san pham | Ham tra ve True","invocations":1,"location":null,"numPassingAsserts":2,"retryReasons":[],"startAt":1777792623562,"status":"passed","title":"B2 - B2 | Hoa don khong co san pham | Ham tra ve True"},{"ancestorTitles":["validateStockBeforeCheckout - lan 2 - bo ca kiem thu C2/C3"],"duration":1,"failing":false,"failureDetails":[],"failureMessages":[],"fullName":"validateStockBeforeCheckout - lan 2 - bo ca kiem thu C2/C3 B3 - B3 | Mot san pham du ton kho | Ham tra ve True","invocations":1,"location":null,"numPassingAsserts":2,"retryReasons":[],"startAt":1777792623564,"status":"passed","title":"B3 - B3 | Mot san pham du ton kho | Ham tra ve True"},{"ancestorTitles":["validateStockBeforeCheckout - lan 2 - bo ca kiem thu C2/C3"],"duration":1,"failing":false,"failureDetails":[],"failureMessages":[],"fullName":"validateStockBeforeCheckout - lan 2 - bo ca kiem thu C2/C3 B4 - B4 | Cung product_id duoc cong don dung va van du ton kho | Ham tra ve True","invocations":1,"location":null,"numPassingAsserts":2,"retryReasons":[],"startAt":1777792623565,"status":"passed","title":"B4 - B4 | Cung product_id duoc cong don dung va van du ton kho | Ham tra ve True"},{"ancestorTitles":["validateStockBeforeCheckout - lan 2 - bo ca kiem thu C2/C3"],"duration":1,"failing":false,"failureDetails":[],"failureMessages":[],"fullName":"validateStockBeforeCheckout - lan 2 - bo ca kiem thu C2/C3 B5 - B5 | Nhieu hoa don, tat ca san pham deu du ton kho | Ham tra ve True","invocations":1,"location":null,"numPassingAsserts":2,"retryReasons":[],"startAt":1777792623566,"status":"passed","title":"B5 - B5 | Nhieu hoa don, tat ca san pham deu du ton kho | Ham tra ve True"},{"ancestorTitles":["validateStockBeforeCheckout - lan 2 - bo ca kiem thu C2/C3"],"duration":2,"failing":false,"failureDetails":[],"failureMessages":[],"fullName":"validateStockBeforeCheckout - lan 2 - bo ca kiem thu C2/C3 B6 - B6 | San pham dau tien thieu ton kho | Ham tra ve False","invocations":1,"location":null,"numPassingAsserts":2,"retryReasons":[],"startAt":1777792623567,"status":"passed","title":"B6 - B6 | San pham dau tien thieu ton kho | Ham tra ve False"},{"ancestorTitles":["validateStockBeforeCheckout - lan 2 - bo ca kiem thu C2/C3"],"duration":1,"failing":false,"failureDetails":[],"failureMessages":[],"fullName":"validateStockBeforeCheckout - lan 2 - bo ca kiem thu C2/C3 B7 - B7 | Cung hoa don co san pham thieu ton kho | Ham tra ve False","invocations":1,"location":null,"numPassingAsserts":2,"retryReasons":[],"startAt":1777792623569,"status":"passed","title":"B7 - B7 | Cung hoa don co san pham thieu ton kho | Ham tra ve False"},{"ancestorTitles":["validateStockBeforeCheckout - lan 2 - bo ca kiem thu C2/C3"],"duration":1,"failing":false,"failureDetails":[],"failureMessages":[],"fullName":"validateStockBeforeCheckout - lan 2 - bo ca kiem thu C2/C3 B8 - B8 | Hoa don sau moi phat sinh thieu ton kho | Ham tra ve False","invocations":1,"location":null,"numPassingAsserts":2,"retryReasons":[],"startAt":1777792623570,"status":"passed","title":"B8 - B8 | Hoa don sau moi phat sinh thieu ton kho | Ham tra ve False"},{"ancestorTitles":["validateStockBeforeCheckout - lan 2 - bo ca kiem thu C2/C3"],"duration":1,"failing":false,"failureDetails":[],"failureMessages":[],"fullName":"validateStockBeforeCheckout - lan 2 - bo ca kiem thu C2/C3 B9 - B9 | Khong truyen quantity nen lay mac dinh 1 va van du ton kho | Ham tra ve True","invocations":1,"location":null,"numPassingAsserts":2,"retryReasons":[],"startAt":1777792623571,"status":"passed","title":"B9 - B9 | Khong truyen quantity nen lay mac dinh 1 va van du ton kho | Ham tra ve True"},{"ancestorTitles":["validateStockBeforeCheckout - lan 2 - bo ca kiem thu C2/C3"],"duration":0,"failing":false,"failureDetails":[],"failureMessages":[],"fullName":"validateStockBeforeCheckout - lan 2 - bo ca kiem thu C2/C3 B10 - B10 | stock_quantity = null nen lay mac dinh 0 va phat sinh thieu ton kho | Ham tra ve False","invocations":1,"location":null,"numPassingAsserts":2,"retryReasons":[],"startAt":1777792623572,"status":"passed","title":"B10 - B10 | stock_quantity = null nen lay mac dinh 0 va phat sinh thieu ton kho | Ham tra ve False"}],"endTime":1777792623574,"message":"","name":"E:\\APP_KY2_NAM2\\QLBH_TKHTTTQL\\qlbh-system\\TEST_1\\Ham_1\\validateStockBeforeCheckout.C2-C3.test.ts","startTime":1777792622932,"status":"passed","summary":""}],"wasInterrupted":false,"coverageMap":{"E:\\APP_KY2_NAM2\\QLBH_TKHTTTQL\\qlbh-system\\TEST_1\\Ham_1\\stock-validation.ts":{"path":"E:\\APP_KY2_NAM2\\QLBH_TKHTTTQL\\qlbh-system\\TEST_1\\Ham_1\\stock-validation.ts","statementMap":{"0":{"start":{"line":12,"column":13},"end":{"line":12,"column":43}},"1":{"start":{"line":12,"column":43},"end":{"line":67,"column":null}},"2":{"start":{"line":14,"column":28},"end":{"line":14,"column":null}},"3":{"start":{"line":17,"column":2},"end":{"line":28,"column":null}},"4":{"start":{"line":18,"column":4},"end":{"line":27,"column":null}},"5":{"start":{"line":19,"column":24},"end":{"line":19,"column":42}},"6":{"start":{"line":20,"column":23},"end":{"line":20,"column":null}},"7":{"start":{"line":22,"column":6},"end":{"line":26,"column":null}},"8":{"start":{"line":23,"column":8},"end":{"line":23,"column":null}},"9":{"start":{"line":25,"column":8},"end":{"line":25,"column":null}},"10":{"start":{"line":31,"column":22},"end":{"line":31,"column":null}},"11":{"start":{"line":32,"column":22},"end":{"line":32,"column":24}},"12":{"start":{"line":34,"column":2},"end":{"line":50,"column":null}},"13":{"start":{"line":35,"column":4},"end":{"line":49,"column":null}},"14":{"start":{"line":36,"column":24},"end":{"line":36,"column":42}},"15":{"start":{"line":37,"column":28},"end":{"line":37,"column":null}},"16":{"start":{"line":38,"column":28},"end":{"line":38,"column":null}},"17":{"start":{"line":40,"column":6},"end":{"line":48,"column":null}},"18":{"start":{"line":41,"column":8},"end":{"line":41,"column":null}},"19":{"start":{"line":42,"column":8},"end":{"line":47,"column":null}},"20":{"start":{"line":53,"column":2},"end":{"line":64,"column":null}},"21":{"start":{"line":54,"column":23},"end":{"line":54,"column":null}},"22":{"start":{"line":56,"column":4},"end":{"line":58,"column":null}},"23":{"start":{"line":57,"column":6},"end":{"line":57,"column":null}},"24":{"start":{"line":60,"column":4},"end":{"line":60,"column":null}},"25":{"start":{"line":62,"column":4},"end":{"line":62,"column":null}},"26":{"start":{"line":63,"column":4},"end":{"line":63,"column":null}},"27":{"start":{"line":66,"column":2},"end":{"line":66,"column":null}}},"fnMap":{"0":{"name":"(anonymous_1)","decl":{"start":{"line":12,"column":43},"end":{"line":12,"column":44}},"loc":{"start":{"line":12,"column":44},"end":{"line":67,"column":null}}},"1":{"name":"(anonymous_2)","decl":{"start":{"line":56,"column":24},"end":{"line":56,"column":25}},"loc":{"start":{"line":56,"column":25},"end":{"line":58,"column":null}}}},"branchMap":{"0":{"loc":{"start":{"line":20,"column":23},"end":{"line":20,"column":null}},"type":"binary-expr","locations":[{"start":{"line":20,"column":23},"end":{"line":20,"column":39}},{"start":{"line":20,"column":43},"end":{"line":20,"column":null}}]},"1":{"loc":{"start":{"line":22,"column":6},"end":{"line":26,"column":null}},"type":"if","locations":[{"start":{"line":22,"column":6},"end":{"line":26,"column":null}},{"start":{"line":24,"column":13},"end":{"line":26,"column":null}}]},"2":{"loc":{"start":{"line":38,"column":28},"end":{"line":38,"column":null}},"type":"binary-expr","locations":[{"start":{"line":38,"column":28},"end":{"line":38,"column":50}},{"start":{"line":38,"column":54},"end":{"line":38,"column":null}}]},"3":{"loc":{"start":{"line":40,"column":6},"end":{"line":48,"column":null}},"type":"if","locations":[{"start":{"line":40,"column":6},"end":{"line":48,"column":null}},{"start":{},"end":{}}]},"4":{"loc":{"start":{"line":53,"column":2},"end":{"line":64,"column":null}},"type":"if","locations":[{"start":{"line":53,"column":2},"end":{"line":64,"column":null}},{"start":{},"end":{}}]}},"s":{"0":10,"1":1,"2":10,"3":10,"4":11,"5":12,"6":12,"7":12,"8":1,"9":11,"10":10,"11":10,"12":10,"13":11,"14":12,"15":12,"16":12,"17":12,"18":4,"19":4,"20":10,"21":4,"22":4,"23":4,"24":4,"25":4,"26":4,"27":6},"f":{"0":10,"1":4},"b":{"0":[12,1],"1":[1,11],"2":[12,1],"3":[4,8],"4":[4,6]}}}}
